\BOOKMARK [0][-]{TitlePage.0}{\376\377\000T\000i\000t\000l\000e\000\040\000P\000a\000g\000e}{}% 1
\BOOKMARK [0][-]{chapter*.1}{\376\377\000A\000b\000s\000t\000r\000a\000c\000t}{}% 2
\BOOKMARK [0][-]{chapter*.1}{\376\377\000T\000a\000b\000l\000e\000\040\000o\000f\000\040\000C\000o\000n\000t\000e\000n\000t\000s}{}% 3
\BOOKMARK [0][-]{chapter*.1}{\376\377\000L\000i\000s\000t\000\040\000o\000f\000\040\000T\000a\000b\000l\000e\000s}{}% 4
\BOOKMARK [0][-]{chapter*.1}{\376\377\000L\000i\000s\000t\000\040\000o\000f\000\040\000F\000i\000g\000u\000r\000e\000s}{}% 5
\BOOKMARK [0][-]{chapter.1}{\376\377\000I\000n\000t\000r\000o\000d\000u\000c\000t\000i\000o\000n}{}% 6
\BOOKMARK [0][-]{chapter.2}{\376\377\000M\000o\000t\000i\000v\000a\000t\000i\000o\000n\000\040\000a\000n\000d\000\040\000R\000e\000s\000e\000a\000r\000c\000h\000\040\000O\000b\000j\000e\000c\000t\000i\000v\000e}{}% 7
\BOOKMARK [0][-]{chapter.3}{\376\377\000R\000e\000s\000e\000a\000r\000c\000h\000\040\000b\000a\000c\000k\000g\000r\000o\000u\000n\000d}{}% 8
\BOOKMARK [1][-]{section.3.1}{\376\377\000O\000v\000e\000r\000v\000i\000e\000w\000\040\000o\000f\000\040\000p\000a\000t\000h\000\040\000p\000l\000a\000n\000n\000i\000n\000g}{chapter.3}% 9
\BOOKMARK [1][-]{section.3.2}{\376\377\000O\000v\000e\000r\000v\000i\000e\000w\000\040\000o\000f\000\040\000v\000e\000h\000i\000c\000l\000e\000\040\000c\000o\000n\000t\000r\000o\000l}{chapter.3}% 10
\BOOKMARK [1][-]{section.3.3}{\376\377\000O\000v\000e\000r\000v\000i\000e\000w\000\040\000o\000f\000\040\000e\000n\000d\000\040\000t\000o\000\040\000e\000n\000d\000\040\000d\000r\000i\000v\000i\000n\000g}{chapter.3}% 11
\BOOKMARK [1][-]{section.3.4}{\376\377\000M\000o\000d\000e\000l\000\040\000b\000a\000s\000e\000d\000\040\000r\000e\000i\000n\000f\000o\000r\000c\000e\000m\000e\000n\000t\000\040\000l\000e\000a\000r\000n\000i\000n\000g\000\040\000i\000n\000\040\000a\000u\000t\000o\000n\000o\000m\000o\000u\000s\000\040\000d\000r\000i\000v\000i\000n\000g}{chapter.3}% 12
\BOOKMARK [0][-]{chapter.4}{\376\377\000T\000T\000W\000R\000\040\000s\000t\000a\000t\000e\000\040\000s\000p\000a\000c\000e\000\040\000a\000n\000a\000l\000y\000s\000i\000s}{}% 13
\BOOKMARK [1][-]{section.4.1}{\376\377\000T\000T\000W\000R\000\040\000k\000i\000n\000e\000m\000a\000t\000i\000c\000s\000\040\000s\000t\000a\000t\000e\000\040\000s\000p\000a\000c\000e}{chapter.4}% 14
\BOOKMARK [1][-]{section.4.2}{\376\377\000T\000T\000W\000R\000\040\000s\000y\000s\000t\000e\000m\000\040\000p\000h\000y\000s\000i\000c\000a\000l\000\040\000c\000o\000n\000s\000t\000r\000a\000i\000n\000s}{chapter.4}% 15
\BOOKMARK [1][-]{section.4.3}{\376\377\000C\000o\000n\000t\000r\000o\000l\000l\000a\000b\000i\000l\000i\000t\000y}{chapter.4}% 16
\BOOKMARK [1][-]{section.4.4}{\376\377\000T\000T\000W\000R\000\040\000s\000y\000s\000t\000e\000m\000\040\000a\000n\000a\000l\000y\000s\000i\000s}{chapter.4}% 17
\BOOKMARK [0][-]{chapter.5}{\376\377\000C\000l\000a\000s\000s\000i\000c\000a\000l\000\040\000T\000T\000W\000R\000\040\000r\000e\000v\000e\000r\000s\000e\000\040\000p\000a\000r\000k\000i\000n\000g\000\040\000c\000o\000n\000t\000r\000o\000l\000\040\000s\000y\000s\000t\000e\000m}{}% 18
\BOOKMARK [1][-]{section.5.1}{\376\377\000D\000u\000b\000i\000n\000\040\000p\000a\000t\000h\000\040\000p\000l\000a\000n\000n\000i\000n\000g}{chapter.5}% 19
\BOOKMARK [2][-]{subsection.5.1.1}{\376\377\000C\000S\000C\000\040\000D\000u\000b\000i\000n\000s\000\040\000P\000a\000t\000h}{section.5.1}% 20
\BOOKMARK [2][-]{subsection.5.1.2}{\376\377\000C\000C\000C\000\040\000D\000u\000b\000i\000n\000s\000\040\000p\000a\000t\000h}{section.5.1}% 21
\BOOKMARK [2][-]{subsection.5.1.3}{\376\377\000C\000o\000n\000s\000t\000r\000u\000c\000t\000i\000o\000n\000\040\000o\000f\000\040\000D\000u\000b\000i\000n\000s\000\040\000p\000a\000t\000h}{section.5.1}% 22
\BOOKMARK [1][-]{section.5.2}{\376\377\000L\000Q\000R\000\040\000c\000o\000n\000t\000r\000o\000l\000l\000e\000r\000\040\000d\000e\000s\000i\000g\000n\000\040\000f\000o\000r\000\040\000T\000T\000W\000R}{chapter.5}% 23
\BOOKMARK [1][-]{section.5.3}{\376\377\000M\000P\000C\000\040\000c\000o\000n\000t\000r\000o\000l\000l\000e\000r\000\040\000d\000e\000s\000i\000g\000n\000\040\000f\000o\000r\000\040\000T\000T\000W\000R}{chapter.5}% 24
\BOOKMARK [1][-]{section.5.4}{\376\377\000P\000r\000o\000x\000i\000m\000a\000l\000\040\000P\000o\000l\000i\000c\000y\000\040\000O\000p\000t\000i\000m\000i\000z\000a\000t\000i\000o\000n\000\040\000b\000a\000s\000e\000d\000\040\000e\000n\000d\000-\000t\000o\000-\000e\000n\000d\000\040\000c\000o\000n\000t\000r\000o\000l\000\040\000a\000l\000g\000o\000r\000i\000t\000h\000m}{chapter.5}% 25
\BOOKMARK [1][-]{section.5.5}{\376\377\000T\000r\000a\000j\000e\000c\000t\000o\000r\000y\000\040\000s\000t\000a\000t\000e\000\040\000m\000o\000d\000e\000l\000-\000b\000a\000s\000e\000d\000\040\000r\000e\000i\000n\000f\000o\000r\000c\000e\000m\000e\000n\000t\000\040\000l\000e\000a\000r\000n\000i\000n\000g\000\040\000f\000o\000r\000\040\000T\000T\000W\000R\000\040\000r\000e\000v\000e\000r\000s\000e\000\040\000p\000a\000r\000k\000i\000n\000g}{chapter.5}% 26
\BOOKMARK [0][-]{chapter.6}{\376\377\000D\000i\000s\000s\000e\000r\000t\000a\000t\000i\000o\000n\000\040\000W\000o\000r\000k\000\040\000P\000l\000a\000n\000\040}{}% 27
\BOOKMARK [1][-]{section.6.1}{\376\377\000D\000i\000s\000s\000e\000r\000t\000a\000t\000i\000o\000n\000\040\000P\000r\000o\000g\000r\000e\000s\000s\000e\000s\000\040\000W\000o\000r\000k}{chapter.6}% 28
\BOOKMARK [1][-]{section.6.2}{\376\377\000D\000e\000l\000i\000v\000e\000r\000a\000b\000l\000e\000s}{chapter.6}% 29
\BOOKMARK [1][-]{section.6.3}{\376\377\000R\000e\000s\000e\000a\000r\000c\000h\000\040\000S\000c\000h\000e\000d\000u\000l\000e}{chapter.6}% 30
\BOOKMARK [0][-]{Item.33}{\376\377\000R\000e\000f\000e\000r\000e\000n\000c\000e\000s}{}% 31
