This is pdfTeX, Version 3.141592653-2.6-1.40.25 (MiKTeX 23.12) (preloaded format=pdflatex 2024.1.27)  13 MAY 2024 16:52
entering extended mode
 restricted \write18 enabled.
 file:line:error style messages enabled.
 %&-line parsing enabled.
**"d:/googleDrive/PhD paperwork/proposal/Dissertation proposal_ model based DRL of TTWR control/main.tex"
(d:/googleDrive/PhD paperwork/proposal/Dissertation proposal_ model based DRL of TTWR control/main.tex
LaTeX2e <2023-11-01> patch level 1
L3 programming layer <2024-01-04>
(C:\Users\haoya\AppData\Local\Programs\MiKTeX\tex/latex/base\book.cls
Document Class: book 2023/05/17 v1.4n Standard LaTeX document class
(C:\Users\haoya\AppData\Local\Programs\MiKTeX\tex/latex/base\bk12.clo
File: bk12.clo 2023/05/17 v1.4n Standard LaTeX file (size option)
)
\c@part=\count187
\c@chapter=\count188
\c@section=\count189
\c@subsection=\count190
\c@subsubsection=\count191
\c@paragraph=\count192
\c@subparagraph=\count193
\c@figure=\count194
\c@table=\count195
\abovecaptionskip=\skip48
\belowcaptionskip=\skip49
\bibindent=\dimen140
) (C:\Users\haoya\AppData\Local\Programs\MiKTeX\tex/latex/geometry\geometry.sty
Package: geometry 2020/01/02 v5.9 Page Geometry
 (C:\Users\haoya\AppData\Local\Programs\MiKTeX\tex/latex/graphics\keyval.sty
Package: keyval 2022/05/29 v1.15 key=value parser (DPC)
\KV@toks@=\toks17
) (C:\Users\haoya\AppData\Local\Programs\MiKTeX\tex/generic/iftex\ifvtex.sty
Package: ifvtex 2019/10/25 v1.7 ifvtex legacy package. Use iftex instead.
 (C:\Users\haoya\AppData\Local\Programs\MiKTeX\tex/generic/iftex\iftex.sty
Package: iftex 2022/02/03 v1.0f TeX engine tests
))
\Gm@cnth=\count196
\Gm@cntv=\count197
\c@Gm@tempcnt=\count198
\Gm@bindingoffset=\dimen141
\Gm@wd@mp=\dimen142
\Gm@odd@mp=\dimen143
\Gm@even@mp=\dimen144
\Gm@layoutwidth=\dimen145
\Gm@layoutheight=\dimen146
\Gm@layouthoffset=\dimen147
\Gm@layoutvoffset=\dimen148
\Gm@dimlist=\toks18
 (C:\Users\haoya\AppData\Local\Programs\MiKTeX\tex/latex/geometry\geometry.cfg)) (C:\Users\haoya\AppData\Local\Programs\MiKTeX\tex/latex/fancyhdr\fancyhdr.sty
Package: fancyhdr 2022/11/09 v4.1 Extensive control of page headers and footers
\f@nch@headwidth=\skip50
\f@nch@O@elh=\skip51
\f@nch@O@erh=\skip52
\f@nch@O@olh=\skip53
\f@nch@O@orh=\skip54
\f@nch@O@elf=\skip55
\f@nch@O@erf=\skip56
\f@nch@O@olf=\skip57
\f@nch@O@orf=\skip58
) (C:\Users\haoya\AppData\Local\Programs\MiKTeX\tex/latex/caption\caption.sty
Package: caption 2023/08/05 v3.6o Customizing captions (AR)
 (C:\Users\haoya\AppData\Local\Programs\MiKTeX\tex/latex/caption\caption3.sty
Package: caption3 2023/07/31 v2.4d caption3 kernel (AR)
\caption@tempdima=\dimen149
\captionmargin=\dimen150
\caption@leftmargin=\dimen151
\caption@rightmargin=\dimen152
\caption@width=\dimen153
\caption@indent=\dimen154
\caption@parindent=\dimen155
\caption@hangindent=\dimen156
Package caption Info: Standard document class detected.
)
\c@caption@flags=\count199
\c@continuedfloat=\count266
) (C:\Users\haoya\AppData\Local\Programs\MiKTeX\tex/latex/caption\subcaption.sty
Package: subcaption 2023/07/28 v1.6b Sub-captions (AR)
Package caption Info: New subtype `subfigure' on input line 238.
\c@subfigure=\count267
Package caption Info: New subtype `subtable' on input line 238.
\c@subtable=\count268
) (C:\Users\haoya\AppData\Local\Programs\MiKTeX\tex/latex/titlesec\titlesec.sty
Package: titlesec 2023/10/27 v2.16 Sectioning titles
\ttl@box=\box51
\beforetitleunit=\skip59
\aftertitleunit=\skip60
\ttl@plus=\dimen157
\ttl@minus=\dimen158
\ttl@toksa=\toks19
\titlewidth=\dimen159
\titlewidthlast=\dimen160
\titlewidthfirst=\dimen161
) (C:\Users\haoya\AppData\Local\Programs\MiKTeX\tex/latex/titlesec\titletoc.sty
Package: titletoc 2023/10/27 v2.16 TOC entries
\ttl@leftsep=\dimen162
) (C:\Users\haoya\AppData\Local\Programs\MiKTeX\tex/latex/lipsum\lipsum.sty (C:\Users\haoya\AppData\Local\Programs\MiKTeX\tex/latex/l3packages/l3keys2e\l3keys2e.sty (C:\Users\haoya\AppData\Local\Programs\MiKTeX\tex/latex/l3kernel\expl3.sty
Package: expl3 2024-01-04 L3 programming layer (loader) 
 (C:\Users\haoya\AppData\Local\Programs\MiKTeX\tex/latex/l3backend\l3backend-pdftex.def
File: l3backend-pdftex.def 2024-01-04 L3 backend support: PDF output (pdfTeX)
\l__color_backend_stack_int=\count269
\l__pdf_internal_box=\box52
))
Package: l3keys2e 2023-10-10 LaTeX2e option processing using LaTeX3 keys
)
Package: lipsum 2021-09-20 v2.7 150 paragraphs of Lorem Ipsum dummy text
\g__lipsum_par_int=\count270
\l__lipsum_a_int=\count271
\l__lipsum_b_int=\count272
 (C:\Users\haoya\AppData\Local\Programs\MiKTeX\tex/latex/lipsum\lipsum.ltd.tex)) (C:\Users\haoya\AppData\Local\Programs\MiKTeX\tex/latex/enumitem\enumitem.sty
Package: enumitem 2019/06/20 v3.9 Customized lists
\labelindent=\skip61
\enit@outerparindent=\dimen163
\enit@toks=\toks20
\enit@inbox=\box53
\enit@count@id=\count273
\enitdp@description=\count274
) (C:\Users\haoya\AppData\Local\Programs\MiKTeX\tex/latex/makecell\makecell.sty
Package: makecell 2009/08/03 V0.1e Managing of Tab Column Heads and Cells
 (C:\Users\haoya\AppData\Local\Programs\MiKTeX\tex/latex/tools\array.sty
Package: array 2023/10/16 v2.5g Tabular extension package (FMi)
\col@sep=\dimen164
\ar@mcellbox=\box54
\extrarowheight=\dimen165
\NC@list=\toks21
\extratabsurround=\skip62
\backup@length=\skip63
\ar@cellbox=\box55
)
\rotheadsize=\dimen166
\c@nlinenum=\count275
\TeXr@lab=\toks22
) (C:\Users\haoya\AppData\Local\Programs\MiKTeX\tex/latex/float\float.sty
Package: float 2001/11/08 v1.3d Float enhancements (AL)
\c@float@type=\count276
\float@exts=\toks23
\float@box=\box56
\@float@everytoks=\toks24
\@floatcapt=\box57
) (C:\Users\haoya\AppData\Local\Programs\MiKTeX\tex/latex/amsmath\amsmath.sty
Package: amsmath 2023/05/13 v2.17o AMS math features
\@mathmargin=\skip64

For additional information on amsmath, use the `?' option.
(C:\Users\haoya\AppData\Local\Programs\MiKTeX\tex/latex/amsmath\amstext.sty
Package: amstext 2021/08/26 v2.01 AMS text
 (C:\Users\haoya\AppData\Local\Programs\MiKTeX\tex/latex/amsmath\amsgen.sty
File: amsgen.sty 1999/11/30 v2.0 generic functions
\@emptytoks=\toks25
\ex@=\dimen167
)) (C:\Users\haoya\AppData\Local\Programs\MiKTeX\tex/latex/amsmath\amsbsy.sty
Package: amsbsy 1999/11/29 v1.2d Bold Symbols
\pmbraise@=\dimen168
) (C:\Users\haoya\AppData\Local\Programs\MiKTeX\tex/latex/amsmath\amsopn.sty
Package: amsopn 2022/04/08 v2.04 operator names
)
\inf@bad=\count277
LaTeX Info: Redefining \frac on input line 234.
\uproot@=\count278
\leftroot@=\count279
LaTeX Info: Redefining \overline on input line 399.
LaTeX Info: Redefining \colon on input line 410.
\classnum@=\count280
\DOTSCASE@=\count281
LaTeX Info: Redefining \ldots on input line 496.
LaTeX Info: Redefining \dots on input line 499.
LaTeX Info: Redefining \cdots on input line 620.
\Mathstrutbox@=\box58
\strutbox@=\box59
LaTeX Info: Redefining \big on input line 722.
LaTeX Info: Redefining \Big on input line 723.
LaTeX Info: Redefining \bigg on input line 724.
LaTeX Info: Redefining \Bigg on input line 725.
\big@size=\dimen169
LaTeX Font Info:    Redeclaring font encoding OML on input line 743.
LaTeX Font Info:    Redeclaring font encoding OMS on input line 744.
\macc@depth=\count282
LaTeX Info: Redefining \bmod on input line 905.
LaTeX Info: Redefining \pmod on input line 910.
LaTeX Info: Redefining \smash on input line 940.
LaTeX Info: Redefining \relbar on input line 970.
LaTeX Info: Redefining \Relbar on input line 971.
\c@MaxMatrixCols=\count283
\dotsspace@=\muskip16
\c@parentequation=\count284
\dspbrk@lvl=\count285
\tag@help=\toks26
\row@=\count286
\column@=\count287
\maxfields@=\count288
\andhelp@=\toks27
\eqnshift@=\dimen170
\alignsep@=\dimen171
\tagshift@=\dimen172
\tagwidth@=\dimen173
\totwidth@=\dimen174
\lineht@=\dimen175
\@envbody=\toks28
\multlinegap=\skip65
\multlinetaggap=\skip66
\mathdisplay@stack=\toks29
LaTeX Info: Redefining \[ on input line 2953.
LaTeX Info: Redefining \] on input line 2954.
) (C:\Users\haoya\AppData\Local\Programs\MiKTeX\tex/latex/amsfonts\amssymb.sty
Package: amssymb 2013/01/14 v3.01 AMS font symbols
 (C:\Users\haoya\AppData\Local\Programs\MiKTeX\tex/latex/amsfonts\amsfonts.sty
Package: amsfonts 2013/01/14 v3.01 Basic AMSFonts support
\symAMSa=\mathgroup4
\symAMSb=\mathgroup5
LaTeX Font Info:    Redeclaring math symbol \hbar on input line 98.
LaTeX Font Info:    Overwriting math alphabet `\mathfrak' in version `bold'
(Font)                  U/euf/m/n --> U/euf/b/n on input line 106.
)) (C:\Users\haoya\AppData\Local\Programs\MiKTeX\tex/latex/amscls\amsthm.sty
Package: amsthm 2020/05/29 v2.20.6
\thm@style=\toks30
\thm@bodyfont=\toks31
\thm@headfont=\toks32
\thm@notefont=\toks33
\thm@headpunct=\toks34
\thm@preskip=\skip67
\thm@postskip=\skip68
\thm@headsep=\skip69
\dth@everypar=\toks35
) (C:\Users\haoya\AppData\Local\Programs\MiKTeX\tex/generic/soul\soul.sty
Package: soul 2023-06-14 v3.1 Permit use of UTF-8 characters in soul (HO)
 (C:\Users\haoya\AppData\Local\Programs\MiKTeX\tex/generic/soul\soul-ori.sty
Package: soul-ori 2023-06-14 v3.1 letterspacing/underlining (mf)
\SOUL@word=\toks36
\SOUL@lasttoken=\toks37
\SOUL@syllable=\toks38
\SOUL@cmds=\toks39
\SOUL@buffer=\toks40
\SOUL@token=\toks41
\SOUL@syllgoal=\dimen176
\SOUL@syllwidth=\dimen177
\SOUL@charkern=\dimen178
\SOUL@hyphkern=\dimen179
\SOUL@dimen=\dimen180
\SOUL@dimeni=\dimen181
\SOUL@minus=\count289
\SOUL@comma=\count290
\SOUL@apo=\count291
\SOUL@grave=\count292
\SOUL@spaceskip=\skip70
\SOUL@ttwidth=\dimen182
\SOUL@uldp=\dimen183
\SOUL@ulht=\dimen184
) (C:\Users\haoya\AppData\Local\Programs\MiKTeX\tex/generic/infwarerr\infwarerr.sty
Package: infwarerr 2019/12/03 v1.5 Providing info/warning/error messages (HO)
) (C:\Users\haoya\AppData\Local\Programs\MiKTeX\tex/generic/etexcmds\etexcmds.sty
Package: etexcmds 2019/12/15 v1.7 Avoid name clashes with e-TeX commands (HO)
)) (C:\Users\haoya\AppData\Local\Programs\MiKTeX\tex/latex/frcursive\frcursive.sty
Package: frcursive 2004/02/01 v1.2 support package for French Cursive
\seyesThickness=\skip71
\seyes@box=\box60
\seyes@ln=\skip72
) (C:\Users\haoya\AppData\Local\Programs\MiKTeX\tex/latex/algorithms\algorithmic.sty
Package: algorithmic 2009/08/24 v0.1 Document Style `algorithmic'
 (C:\Users\haoya\AppData\Local\Programs\MiKTeX\tex/latex/base\ifthen.sty
Package: ifthen 2022/04/13 v1.1d Standard LaTeX ifthen package (DPC)
)
\c@ALC@unique=\count293
\c@ALC@line=\count294
\c@ALC@rem=\count295
\c@ALC@depth=\count296
\ALC@tlm=\skip73
\algorithmicindent=\skip74
) (C:\Users\haoya\AppData\Local\Programs\MiKTeX\tex/latex/graphics\graphicx.sty
Package: graphicx 2021/09/16 v1.2d Enhanced LaTeX Graphics (DPC,SPQR)
 (C:\Users\haoya\AppData\Local\Programs\MiKTeX\tex/latex/graphics\graphics.sty
Package: graphics 2022/03/10 v1.4e Standard LaTeX Graphics (DPC,SPQR)
 (C:\Users\haoya\AppData\Local\Programs\MiKTeX\tex/latex/graphics\trig.sty
Package: trig 2021/08/11 v1.11 sin cos tan (DPC)
) (C:\Users\haoya\AppData\Local\Programs\MiKTeX\tex/latex/graphics-cfg\graphics.cfg
File: graphics.cfg 2016/06/04 v1.11 sample graphics configuration
)
Package graphics Info: Driver file: pdftex.def on input line 107.
 (C:\Users\haoya\AppData\Local\Programs\MiKTeX\tex/latex/graphics-def\pdftex.def
File: pdftex.def 2022/09/22 v1.2b Graphics/color driver for pdftex
))
\Gin@req@height=\dimen185
\Gin@req@width=\dimen186
) (C:\Users\haoya\AppData\Local\Programs\MiKTeX\tex/latex/booktabs\booktabs.sty
Package: booktabs 2020/01/12 v1.61803398 Publication quality tables
\heavyrulewidth=\dimen187
\lightrulewidth=\dimen188
\cmidrulewidth=\dimen189
\belowrulesep=\dimen190
\belowbottomsep=\dimen191
\aboverulesep=\dimen192
\abovetopsep=\dimen193
\cmidrulesep=\dimen194
\cmidrulekern=\dimen195
\defaultaddspace=\dimen196
\@cmidla=\count297
\@cmidlb=\count298
\@aboverulesep=\dimen197
\@belowrulesep=\dimen198
\@thisruleclass=\count299
\@lastruleclass=\count300
\@thisrulewidth=\dimen199
) (C:\Users\haoya\AppData\Local\Programs\MiKTeX\tex/latex/multirow\multirow.sty
Package: multirow 2021/03/15 v2.8 Span multiple rows of a table
\multirow@colwidth=\skip75
\multirow@cntb=\count301
\multirow@dima=\skip76
\bigstrutjot=\dimen256
) (C:\Users\haoya\AppData\Local\Programs\MiKTeX\tex/latex/tocloft\tocloft.sty
Package: tocloft 2017/08/31 v2.3i parameterised ToC, etc., typesetting
Package tocloft Info: The document has chapter divisions on input line 51.
\cftparskip=\skip77
\cftbeforetoctitleskip=\skip78
\cftaftertoctitleskip=\skip79
\cftbeforepartskip=\skip80
\cftpartnumwidth=\skip81
\cftpartindent=\skip82
\cftbeforechapskip=\skip83
\cftchapindent=\skip84
\cftchapnumwidth=\skip85
\cftbeforesecskip=\skip86
\cftsecindent=\skip87
\cftsecnumwidth=\skip88
\cftbeforesubsecskip=\skip89
\cftsubsecindent=\skip90
\cftsubsecnumwidth=\skip91
\cftbeforesubsubsecskip=\skip92
\cftsubsubsecindent=\skip93
\cftsubsubsecnumwidth=\skip94
\cftbeforeparaskip=\skip95
\cftparaindent=\skip96
\cftparanumwidth=\skip97
\cftbeforesubparaskip=\skip98
\cftsubparaindent=\skip99
\cftsubparanumwidth=\skip100
\cftbeforeloftitleskip=\skip101
\cftafterloftitleskip=\skip102
\cftbeforefigskip=\skip103
\cftfigindent=\skip104
\cftfignumwidth=\skip105
\c@lofdepth=\count302
\c@lotdepth=\count303
\cftbeforelottitleskip=\skip106
\cftafterlottitleskip=\skip107
\cftbeforetabskip=\skip108
\cfttabindent=\skip109
\cfttabnumwidth=\skip110
) (C:\Users\haoya\AppData\Local\Programs\MiKTeX\tex/latex/tocbibind\tocbibind.sty
Package: tocbibind 2010/10/13 v1.5k extra ToC listings
Package tocbibind Info: The document has chapter divisions on input line 50.


Package tocbibind Note: Using chapter style headings, unless overridden.

) (C:\Users\haoya\AppData\Local\Programs\MiKTeX\tex/latex/xcolor\xcolor.sty
Package: xcolor 2023/11/15 v3.01 LaTeX color extensions (UK)
 (C:\Users\haoya\AppData\Local\Programs\MiKTeX\tex/latex/graphics-cfg\color.cfg
File: color.cfg 2016/01/02 v1.6 sample color configuration
)
Package xcolor Info: Driver file: pdftex.def on input line 274.
 (C:\Users\haoya\AppData\Local\Programs\MiKTeX\tex/latex/graphics\mathcolor.ltx)
Package xcolor Info: Model `cmy' substituted by `cmy0' on input line 1350.
Package xcolor Info: Model `hsb' substituted by `rgb' on input line 1354.
Package xcolor Info: Model `RGB' extended on input line 1366.
Package xcolor Info: Model `HTML' substituted by `rgb' on input line 1368.
Package xcolor Info: Model `Hsb' substituted by `hsb' on input line 1369.
Package xcolor Info: Model `tHsb' substituted by `hsb' on input line 1370.
Package xcolor Info: Model `HSB' substituted by `hsb' on input line 1371.
Package xcolor Info: Model `Gray' substituted by `gray' on input line 1372.
Package xcolor Info: Model `wave' substituted by `hsb' on input line 1373.
) (C:\Users\haoya\AppData\Local\Programs\MiKTeX\tex/latex/colortbl\colortbl.sty
Package: colortbl 2022/06/20 v1.0f Color table columns (DPC)
\everycr=\toks42
\minrowclearance=\skip111
\rownum=\count304
) (C:\Users\haoya\AppData\Local\Programs\MiKTeX\tex/latex/setspace\setspace.sty
Package: setspace 2022/12/04 v6.7b set line spacing
) (C:\Users\haoya\AppData\Local\Programs\MiKTeX\tex/latex/hyperref\hyperref.sty
Package: hyperref 2023-11-26 v7.01g Hypertext links for LaTeX
 (C:\Users\haoya\AppData\Local\Programs\MiKTeX\tex/latex/kvsetkeys\kvsetkeys.sty
Package: kvsetkeys 2022-10-05 v1.19 Key value parser (HO)
) (C:\Users\haoya\AppData\Local\Programs\MiKTeX\tex/generic/kvdefinekeys\kvdefinekeys.sty
Package: kvdefinekeys 2019-12-19 v1.6 Define keys (HO)
) (C:\Users\haoya\AppData\Local\Programs\MiKTeX\tex/generic/pdfescape\pdfescape.sty
Package: pdfescape 2019/12/09 v1.15 Implements pdfTeX's escape features (HO)
 (C:\Users\haoya\AppData\Local\Programs\MiKTeX\tex/generic/ltxcmds\ltxcmds.sty
Package: ltxcmds 2023-12-04 v1.26 LaTeX kernel commands for general use (HO)
) (C:\Users\haoya\AppData\Local\Programs\MiKTeX\tex/generic/pdftexcmds\pdftexcmds.sty
Package: pdftexcmds 2020-06-27 v0.33 Utility functions of pdfTeX for LuaTeX (HO)
Package pdftexcmds Info: \pdf@primitive is available.
Package pdftexcmds Info: \pdf@ifprimitive is available.
Package pdftexcmds Info: \pdfdraftmode found.
)) (C:\Users\haoya\AppData\Local\Programs\MiKTeX\tex/latex/hycolor\hycolor.sty
Package: hycolor 2020-01-27 v1.10 Color options for hyperref/bookmark (HO)
) (C:\Users\haoya\AppData\Local\Programs\MiKTeX\tex/latex/letltxmacro\letltxmacro.sty
Package: letltxmacro 2019/12/03 v1.6 Let assignment for LaTeX macros (HO)
) (C:\Users\haoya\AppData\Local\Programs\MiKTeX\tex/latex/auxhook\auxhook.sty
Package: auxhook 2019-12-17 v1.6 Hooks for auxiliary files (HO)
) (C:\Users\haoya\AppData\Local\Programs\MiKTeX\tex/latex/hyperref\nameref.sty
Package: nameref 2023-11-26 v2.56 Cross-referencing by name of section
 (C:\Users\haoya\AppData\Local\Programs\MiKTeX\tex/latex/refcount\refcount.sty
Package: refcount 2019/12/15 v3.6 Data extraction from label references (HO)
) (C:\Users\haoya\AppData\Local\Programs\MiKTeX\tex/generic/gettitlestring\gettitlestring.sty
Package: gettitlestring 2019/12/15 v1.6 Cleanup title references (HO)
 (C:\Users\haoya\AppData\Local\Programs\MiKTeX\tex/latex/kvoptions\kvoptions.sty
Package: kvoptions 2022-06-15 v3.15 Key value format for package options (HO)
))
\c@section@level=\count305
) (C:\Users\haoya\AppData\Local\Programs\MiKTeX\tex/latex/etoolbox\etoolbox.sty
Package: etoolbox 2020/10/05 v2.5k e-TeX tools for LaTeX (JAW)
\etb@tempcnta=\count306
)
\@linkdim=\dimen257
\Hy@linkcounter=\count307
\Hy@pagecounter=\count308
 (C:\Users\haoya\AppData\Local\Programs\MiKTeX\tex/latex/hyperref\pd1enc.def
File: pd1enc.def 2023-11-26 v7.01g Hyperref: PDFDocEncoding definition (HO)
Now handling font encoding PD1 ...
... no UTF-8 mapping file for font encoding PD1
) (C:\Users\haoya\AppData\Local\Programs\MiKTeX\tex/generic/intcalc\intcalc.sty
Package: intcalc 2019/12/15 v1.3 Expandable calculations with integers (HO)
)
\Hy@SavedSpaceFactor=\count309
 (C:\Users\haoya\AppData\Local\Programs\MiKTeX\tex/latex/hyperref\puenc.def
File: puenc.def 2023-11-26 v7.01g Hyperref: PDF Unicode definition (HO)
Now handling font encoding PU ...
... no UTF-8 mapping file for font encoding PU
)
Package hyperref Info: Option `bookmarks' set `true' on input line 4064.
Package hyperref Info: Hyper figures OFF on input line 4181.
Package hyperref Info: Link nesting OFF on input line 4186.
Package hyperref Info: Hyper index ON on input line 4189.
Package hyperref Info: Plain pages OFF on input line 4196.
Package hyperref Info: Backreferencing OFF on input line 4201.
Package hyperref Info: Implicit mode ON; LaTeX internals redefined.
Package hyperref Info: Bookmarks ON on input line 4448.
\c@Hy@tempcnt=\count310
 (C:\Users\haoya\AppData\Local\Programs\MiKTeX\tex/latex/url\url.sty
\Urlmuskip=\muskip17
Package: url 2013/09/16  ver 3.4  Verb mode for urls, etc.
)
LaTeX Info: Redefining \url on input line 4786.
\XeTeXLinkMargin=\dimen258
 (C:\Users\haoya\AppData\Local\Programs\MiKTeX\tex/generic/bitset\bitset.sty
Package: bitset 2019/12/09 v1.3 Handle bit-vector datatype (HO)
 (C:\Users\haoya\AppData\Local\Programs\MiKTeX\tex/generic/bigintcalc\bigintcalc.sty
Package: bigintcalc 2019/12/15 v1.5 Expandable calculations on big integers (HO)
))
\Fld@menulength=\count311
\Field@Width=\dimen259
\Fld@charsize=\dimen260
Package hyperref Info: Hyper figures OFF on input line 6065.
Package hyperref Info: Link nesting OFF on input line 6070.
Package hyperref Info: Hyper index ON on input line 6073.
Package hyperref Info: backreferencing OFF on input line 6080.
Package hyperref Info: Link coloring OFF on input line 6085.
Package hyperref Info: Link coloring with OCG OFF on input line 6090.
Package hyperref Info: PDF/A mode OFF on input line 6095.
 (C:\Users\haoya\AppData\Local\Programs\MiKTeX\tex/latex/base\atbegshi-ltx.sty
Package: atbegshi-ltx 2021/01/10 v1.0c Emulation of the original atbegshi
package with kernel methods
)
\Hy@abspage=\count312
\c@Item=\count313
\c@Hfootnote=\count314
)
Package hyperref Info: Driver (autodetected): hpdftex.
 (C:\Users\haoya\AppData\Local\Programs\MiKTeX\tex/latex/hyperref\hpdftex.def
File: hpdftex.def 2023-11-26 v7.01g Hyperref driver for pdfTeX
 (C:\Users\haoya\AppData\Local\Programs\MiKTeX\tex/latex/base\atveryend-ltx.sty
Package: atveryend-ltx 2020/08/19 v1.0a Emulation of the original atveryend package
with kernel methods
)
\Fld@listcount=\count315
\c@bookmark@seq@number=\count316
 (C:\Users\haoya\AppData\Local\Programs\MiKTeX\tex/latex/rerunfilecheck\rerunfilecheck.sty
Package: rerunfilecheck 2022-07-10 v1.10 Rerun checks for auxiliary files (HO)
 (C:\Users\haoya\AppData\Local\Programs\MiKTeX\tex/generic/uniquecounter\uniquecounter.sty
Package: uniquecounter 2019/12/15 v1.4 Provide unlimited unique counter (HO)
)
Package uniquecounter Info: New unique counter `rerunfilecheck' on input line 285.
)
\Hy@SectionHShift=\skip112
) (C:\Users\haoya\AppData\Local\Programs\MiKTeX\tex/latex/biblatex\biblatex.sty
Package: biblatex 2023/03/05 v3.19 programmable bibliographies (PK/MW)
 (C:\Users\haoya\AppData\Local\Programs\MiKTeX\tex/latex/logreq\logreq.sty
Package: logreq 2010/08/04 v1.0 xml request logger
\lrq@indent=\count317
 (C:\Users\haoya\AppData\Local\Programs\MiKTeX\tex/latex/logreq\logreq.def
File: logreq.def 2010/08/04 v1.0 logreq spec v1.0
))
\c@tabx@nest=\count318
\c@listtotal=\count319
\c@listcount=\count320
\c@liststart=\count321
\c@liststop=\count322
\c@citecount=\count323
\c@citetotal=\count324
\c@multicitecount=\count325
\c@multicitetotal=\count326
\c@instcount=\count327
\c@maxnames=\count328
\c@minnames=\count329
\c@maxitems=\count330
\c@minitems=\count331
\c@citecounter=\count332
\c@maxcitecounter=\count333
\c@savedcitecounter=\count334
\c@uniquelist=\count335
\c@uniquename=\count336
\c@refsection=\count337
\c@refsegment=\count338
\c@maxextratitle=\count339
\c@maxextratitleyear=\count340
\c@maxextraname=\count341
\c@maxextradate=\count342
\c@maxextraalpha=\count343
\c@abbrvpenalty=\count344
\c@highnamepenalty=\count345
\c@lownamepenalty=\count346
\c@maxparens=\count347
\c@parenlevel=\count348
\blx@tempcnta=\count349
\blx@tempcntb=\count350
\blx@tempcntc=\count351
\c@blx@maxsection=\count352
\blx@maxsegment@0=\count353
\blx@notetype=\count354
\blx@parenlevel@text=\count355
\blx@parenlevel@foot=\count356
\blx@sectionciteorder@0=\count357
\blx@sectionciteorderinternal@0=\count358
\blx@entrysetcounter=\count359
\blx@biblioinstance=\count360
\labelnumberwidth=\skip113
\labelalphawidth=\skip114
\biblabelsep=\skip115
\bibitemsep=\skip116
\bibnamesep=\skip117
\bibinitsep=\skip118
\bibparsep=\skip119
\bibhang=\skip120
\blx@bcfin=\read2
\blx@bcfout=\write3
\blx@langwohyphens=\language79
\c@mincomprange=\count361
\c@maxcomprange=\count362
\c@mincompwidth=\count363
Package biblatex Info: Trying to load biblatex default data model...
Package biblatex Info: ... file 'blx-dm.def' found.
 (C:\Users\haoya\AppData\Local\Programs\MiKTeX\tex/latex/biblatex\blx-dm.def
File: blx-dm.def 2023/03/05 v3.19 biblatex localization (PK/MW)
)
Package biblatex Info: Trying to load biblatex style data model...
Package biblatex Info: ... file 'ieee.dbx' not found.
Package biblatex Info: Trying to load biblatex custom data model...
Package biblatex Info: ... file 'biblatex-dm.cfg' not found.
\c@afterword=\count364
\c@savedafterword=\count365
\c@annotator=\count366
\c@savedannotator=\count367
\c@author=\count368
\c@savedauthor=\count369
\c@bookauthor=\count370
\c@savedbookauthor=\count371
\c@commentator=\count372
\c@savedcommentator=\count373
\c@editor=\count374
\c@savededitor=\count375
\c@editora=\count376
\c@savededitora=\count377
\c@editorb=\count378
\c@savededitorb=\count379
\c@editorc=\count380
\c@savededitorc=\count381
\c@foreword=\count382
\c@savedforeword=\count383
\c@holder=\count384
\c@savedholder=\count385
\c@introduction=\count386
\c@savedintroduction=\count387
\c@namea=\count388
\c@savednamea=\count389
\c@nameb=\count390
\c@savednameb=\count391
\c@namec=\count392
\c@savednamec=\count393
\c@translator=\count394
\c@savedtranslator=\count395
\c@shortauthor=\count396
\c@savedshortauthor=\count397
\c@shorteditor=\count398
\c@savedshorteditor=\count399
\c@labelname=\count400
\c@savedlabelname=\count401
\c@institution=\count402
\c@savedinstitution=\count403
\c@lista=\count404
\c@savedlista=\count405
\c@listb=\count406
\c@savedlistb=\count407
\c@listc=\count408
\c@savedlistc=\count409
\c@listd=\count410
\c@savedlistd=\count411
\c@liste=\count412
\c@savedliste=\count413
\c@listf=\count414
\c@savedlistf=\count415
\c@location=\count416
\c@savedlocation=\count417
\c@organization=\count418
\c@savedorganization=\count419
\c@origlocation=\count420
\c@savedoriglocation=\count421
\c@origpublisher=\count422
\c@savedorigpublisher=\count423
\c@publisher=\count424
\c@savedpublisher=\count425
\c@language=\count426
\c@savedlanguage=\count427
\c@origlanguage=\count428
\c@savedoriglanguage=\count429
\c@pageref=\count430
\c@savedpageref=\count431
\shorthandwidth=\skip121
\shortjournalwidth=\skip122
\shortserieswidth=\skip123
\shorttitlewidth=\skip124
\shortauthorwidth=\skip125
\shorteditorwidth=\skip126
\locallabelnumberwidth=\skip127
\locallabelalphawidth=\skip128
\localshorthandwidth=\skip129
\localshortjournalwidth=\skip130
\localshortserieswidth=\skip131
\localshorttitlewidth=\skip132
\localshortauthorwidth=\skip133
\localshorteditorwidth=\skip134
Package biblatex Info: Trying to load compatibility code...
Package biblatex Info: ... file 'blx-compat.def' found.
 (C:\Users\haoya\AppData\Local\Programs\MiKTeX\tex/latex/biblatex\blx-compat.def
File: blx-compat.def 2023/03/05 v3.19 biblatex compatibility (PK/MW)
)
Package biblatex Info: Trying to load BibTeX backend compatibility...
Package biblatex Info: ... file 'blx-bibtex.def' found.
 (C:\Users\haoya\AppData\Local\Programs\MiKTeX\tex/latex/biblatex\blx-bibtex.def
File: blx-bibtex.def 2023/03/05 v3.19 biblatex compatibility (PK/MW)


Package biblatex Warning: Using fall-back bibtex backend:
(biblatex)                functionality may be reduced/unavailable.

)
Package biblatex Info: Trying to load generic definitions...
Package biblatex Info: ... file 'biblatex.def' found.
 (C:\Users\haoya\AppData\Local\Programs\MiKTeX\tex/latex/biblatex\biblatex.def
File: biblatex.def 2023/03/05 v3.19 biblatex compatibility (PK/MW)
\c@textcitecount=\count432
\c@textcitetotal=\count433
\c@textcitemaxnames=\count434
\c@biburlbigbreakpenalty=\count435
\c@biburlbreakpenalty=\count436
\c@biburlnumpenalty=\count437
\c@biburlucpenalty=\count438
\c@biburllcpenalty=\count439
\biburlbigskip=\muskip18
\biburlnumskip=\muskip19
\biburlucskip=\muskip20
\biburllcskip=\muskip21
\c@smartand=\count440
)
Package biblatex Info: Trying to load bibliography style 'ieee'...
Package biblatex Info: ... file 'ieee.bbx' found.
 (C:\Users\haoya\AppData\Local\Programs\MiKTeX\tex/latex/biblatex-ieee\ieee.bbx
File: ieee.bbx 2021/12/06 v1.3f biblatex bibliography style
Package biblatex Info: Trying to load bibliography style 'numeric-comp'...
Package biblatex Info: ... file 'numeric-comp.bbx' found.
 (C:\Users\haoya\AppData\Local\Programs\MiKTeX\tex/latex/biblatex/bbx\numeric-comp.bbx
File: numeric-comp.bbx 2023/03/05 v3.19 biblatex bibliography style (PK/MW)
Package biblatex Info: Trying to load bibliography style 'numeric'...
Package biblatex Info: ... file 'numeric.bbx' found.
 (C:\Users\haoya\AppData\Local\Programs\MiKTeX\tex/latex/biblatex/bbx\numeric.bbx
File: numeric.bbx 2023/03/05 v3.19 biblatex bibliography style (PK/MW)
Package biblatex Info: Trying to load bibliography style 'standard'...
Package biblatex Info: ... file 'standard.bbx' found.
 (C:\Users\haoya\AppData\Local\Programs\MiKTeX\tex/latex/biblatex/bbx\standard.bbx
File: standard.bbx 2023/03/05 v3.19 biblatex bibliography style (PK/MW)
\c@bbx:relatedcount=\count441
\c@bbx:relatedtotal=\count442
))))
Package biblatex Info: Trying to load citation style 'ieee'...
Package biblatex Info: ... file 'ieee.cbx' found.
 (C:\Users\haoya\AppData\Local\Programs\MiKTeX\tex/latex/biblatex-ieee\ieee.cbx
File: ieee.cbx 2021/12/06 v1.3f biblatex citation style
Package biblatex Info: Trying to load citation style 'numeric-comp'...
Package biblatex Info: ... file 'numeric-comp.cbx' found.
 (C:\Users\haoya\AppData\Local\Programs\MiKTeX\tex/latex/biblatex/cbx\numeric-comp.cbx
File: numeric-comp.cbx 2023/03/05 v3.19 biblatex citation style (PK/MW)
\c@cbx@tempcnta=\count443
\c@cbx@tempcntb=\count444
\c@cbx@tempcntc=\count445
\c@cbx@tempcntd=\count446
Package biblatex Info: Redefining '\cite'.
Package biblatex Info: Redefining '\parencite'.
Package biblatex Info: Redefining '\footcite'.
Package biblatex Info: Redefining '\footcitetext'.
Package biblatex Info: Redefining '\smartcite'.
Package biblatex Info: Redefining '\supercite'.
Package biblatex Info: Redefining '\textcite'.
Package biblatex Info: Redefining '\textcites'.
Package biblatex Info: Redefining '\cites'.
Package biblatex Info: Redefining '\parencites'.
Package biblatex Info: Redefining '\smartcites'.
)
Package biblatex Info: Redefining '\cite'.
Package biblatex Info: Redefining '\supercite'.
Package biblatex Info: Redefining '\cites'.
)
Package biblatex Info: Trying to load configuration file...
Package biblatex Info: ... file 'biblatex.cfg' found.
 (C:\Users\haoya\AppData\Local\Programs\MiKTeX\tex/latex/biblatex\biblatex.cfg
File: biblatex.cfg 
)
Package biblatex Info: Input encoding 'utf8' detected.
Package biblatex Info: Document encoding is UTF8 ....
Package biblatex Info: ... and expl3
(biblatex)             2024-01-04 L3 programming layer (loader) 
(biblatex)             is new enough (at least 2020/04/06),
(biblatex)             setting 'casechanger=expl3'.
 (C:\Users\haoya\AppData\Local\Programs\MiKTeX\tex/latex/biblatex\blx-case-expl3.sty (C:\Users\haoya\AppData\Local\Programs\MiKTeX\tex/latex/l3packages/xparse\xparse.sty
Package: xparse 2023-10-10 L3 Experimental document command parser
)
Package: blx-case-expl3 2023/03/05 v3.19 expl3 case changing code for biblatex
)) (C:\Users\haoya\AppData\Local\Programs\MiKTeX\tex/latex/base\inputenc.sty
Package: inputenc 2021/02/14 v1.3d Input encoding file
\inpenc@prehook=\toks43
\inpenc@posthook=\toks44
) (C:\Users\haoya\AppData\Local\Programs\MiKTeX\tex/latex/appendix\appendix.sty
Package: appendix 2020/02/08 v1.2c extra appendix facilities
\c@@pps=\count447
\c@@ppsavesec=\count448
\c@@ppsaveapp=\count449
) (C:\Users\haoya\AppData\Local\Programs\MiKTeX\tex/latex/listings\listings.sty
\lst@mode=\count450
\lst@gtempboxa=\box61
\lst@token=\toks45
\lst@length=\count451
\lst@currlwidth=\dimen261
\lst@column=\count452
\lst@pos=\count453
\lst@lostspace=\dimen262
\lst@width=\dimen263
\lst@newlines=\count454
\lst@lineno=\count455
\lst@maxwidth=\dimen264
 (C:\Users\haoya\AppData\Local\Programs\MiKTeX\tex/latex/listings\lstmisc.sty
File: lstmisc.sty 2023/02/27 1.9 (Carsten Heinz)
\c@lstnumber=\count456
\lst@skipnumbers=\count457
\lst@framebox=\box62
) (C:\Users\haoya\AppData\Local\Programs\MiKTeX\tex/latex/listings\listings.cfg
File: listings.cfg 2023/02/27 1.9 listings configuration
))
Package: listings 2023/02/27 1.9 (Carsten Heinz)
 (C:\Users\haoya\AppData\Local\Programs\MiKTeX\tex/latex/tools\bm.sty
Package: bm 2023/07/08 v1.2f Bold Symbol Support (DPC/FMi)
\symboldoperators=\mathgroup6
\symboldletters=\mathgroup7
\symboldsymbols=\mathgroup8
Package bm Info: No bold for \OMX/cmex/m/n, using \pmb.
Package bm Info: No bold for \U/msa/m/n, using \pmb.
Package bm Info: No bold for \U/msb/m/n, using \pmb.
LaTeX Font Info:    Redeclaring math alphabet \mathbf on input line 149.
) (C:\Users\haoya\AppData\Local\Programs\MiKTeX\tex/latex/matlab-prettifier\matlab-prettifier.sty
Package: matlab-prettifier 2014/06/19 v0.3 A package for prettyprinting Matlab source code
 (C:\Users\haoya\AppData\Local\Programs\MiKTeX\tex/latex/base\textcomp.sty
Package: textcomp 2020/02/02 v2.0n Standard LaTeX package
)
\netBracketCount@mlpr=\count458
\blkLvl@mlpr=\count459
\blkLvlAtClassdef@mlpr=\count460
\emHeight@mlpr=\skip135
\jayDepth@mlpr=\skip136
\sectionRuleOffset@mlpr=\skip137
\toks@mlpr=\toks46
)

Package biblatex Warning: Load 'inputenc' before biblatex.

\@quotelevel=\count461
\@quotereset=\count462
(main.aux)
\openout1 = `main.aux'.

LaTeX Font Info:    Checking defaults for OML/cmm/m/it on input line 75.
LaTeX Font Info:    ... okay on input line 75.
LaTeX Font Info:    Checking defaults for OMS/cmsy/m/n on input line 75.
LaTeX Font Info:    ... okay on input line 75.
LaTeX Font Info:    Checking defaults for OT1/cmr/m/n on input line 75.
LaTeX Font Info:    ... okay on input line 75.
LaTeX Font Info:    Checking defaults for T1/cmr/m/n on input line 75.
LaTeX Font Info:    ... okay on input line 75.
LaTeX Font Info:    Checking defaults for TS1/cmr/m/n on input line 75.
LaTeX Font Info:    ... okay on input line 75.
LaTeX Font Info:    Checking defaults for OMX/cmex/m/n on input line 75.
LaTeX Font Info:    ... okay on input line 75.
LaTeX Font Info:    Checking defaults for U/cmr/m/n on input line 75.
LaTeX Font Info:    ... okay on input line 75.
LaTeX Font Info:    Checking defaults for PD1/pdf/m/n on input line 75.
LaTeX Font Info:    ... okay on input line 75.
LaTeX Font Info:    Checking defaults for PU/pdf/m/n on input line 75.
LaTeX Font Info:    ... okay on input line 75.

*geometry* driver: auto-detecting
*geometry* detected driver: pdftex
*geometry* verbose mode - [ preamble ] result:
* driver: pdftex
* paper: letterpaper
* layout: <same size as paper>
* layoutoffset:(h,v)=(0.0pt,0.0pt)
* modes: 
* h-part:(L,W,R)=(86.72377pt, 455.30124pt, 72.26999pt)
* v-part:(T,H,B)=(72.26999pt, 650.43001pt, 72.26999pt)
* \paperwidth=614.295pt
* \paperheight=794.96999pt
* \textwidth=455.30124pt
* \textheight=650.43001pt
* \oddsidemargin=14.45378pt
* \evensidemargin=14.45378pt
* \topmargin=-31.8738pt
* \headheight=12.0pt
* \headsep=19.8738pt
* \topskip=12.0pt
* \footskip=30.0pt
* \marginparwidth=47.0pt
* \marginparsep=7.0pt
* \columnsep=10.0pt
* \skip\footins=10.8pt plus 4.0pt minus 2.0pt
* \hoffset=0.0pt
* \voffset=0.0pt
* \mag=1000
* \@twocolumnfalse
* \@twosidefalse
* \@mparswitchfalse
* \@reversemarginfalse
* (1in=72.27pt=25.4mm, 1cm=28.453pt)

Package caption Info: Begin \AtBeginDocument code.
Package caption Info: float package is loaded.
Package caption Info: hyperref package is loaded.
Package caption Info: listings package is loaded.
Package caption Info: End \AtBeginDocument code.
(C:\Users\haoya\AppData\Local\Programs\MiKTeX\tex/context/base/mkii\supp-pdf.mkii
[Loading MPS to PDF converter (version 2006.09.02).]
\scratchcounter=\count463
\scratchdimen=\dimen265
\scratchbox=\box63
\nofMPsegments=\count464
\nofMParguments=\count465
\everyMPshowfont=\toks47
\MPscratchCnt=\count466
\MPscratchDim=\dimen266
\MPnumerator=\count467
\makeMPintoPDFobject=\count468
\everyMPtoPDFconversion=\toks48
) (C:\Users\haoya\AppData\Local\Programs\MiKTeX\tex/latex/epstopdf-pkg\epstopdf-base.sty
Package: epstopdf-base 2020-01-24 v2.11 Base part for package epstopdf
Package epstopdf-base Info: Redefining graphics rule for `.eps' on input line 485.
 (C:\Users\haoya\AppData\Local\Programs\MiKTeX\tex/latex/00miktex\epstopdf-sys.cfg
File: epstopdf-sys.cfg 2021/03/18 v2.0 Configuration of epstopdf for MiKTeX
))
Package hyperref Info: Link coloring OFF on input line 75.
 (main.out) (main.out)
\@outlinefile=\write4
\openout4 = `main.out'.

Package biblatex Info: Trying to load language 'english'...
Package biblatex Info: ... file 'english.lbx' found.
 (C:\Users\haoya\AppData\Local\Programs\MiKTeX\tex/latex/biblatex/lbx\english.lbx
File: english.lbx 2023/03/05 v3.19 biblatex localization (PK/MW)
)
Package biblatex Info: Input encoding 'utf8' detected.
Package biblatex Info: Automatic encoding selection.
(biblatex)             Assuming data encoding 'utf8'.
Package biblatex Info: Input encoding 'utf8' detected.
Package biblatex Info: Data encoding 'utf8' specified.
(biblatex)             No need to reencode data.
\openout3 = `main-blx.bib'.

Package biblatex Info: Trying to load bibliographic data...
Package biblatex Info: ... file 'main.bbl' found.
 (main.bbl)
Package biblatex Info: Reference section=0 on input line 75.
Package biblatex Info: Reference segment=0 on input line 75.
\c@lstlisting=\count469
 (Additional/TitlePage.tex
<Additional/OUStackedSail.jpg, id=124, 99.0099pt x 41.4348pt>
File: Additional/OUStackedSail.jpg Graphic file (type jpg)
<use Additional/OUStackedSail.jpg>
Package pdftex.def Info: Additional/OUStackedSail.jpg  used on input line 24.
(pdftex.def)             Requested size: 136.59175pt x 57.1674pt.
 [1


{C:/Users/haoya/AppData/Local/MiKTeX/fonts/map/pdftex/pdftex.map} <./Additional/OUStackedSail.jpg>]) (Additional/Abstract.tex
LaTeX Font Info:    Trying to load font information for U+msa on input line 11.
 (C:\Users\haoya\AppData\Local\Programs\MiKTeX\tex/latex/amsfonts\umsa.fd
File: umsa.fd 2013/01/14 v3.01 AMS symbols A
)
LaTeX Font Info:    Trying to load font information for U+msb on input line 11.
 (C:\Users\haoya\AppData\Local\Programs\MiKTeX\tex/latex/amsfonts\umsb.fd
File: umsb.fd 2013/01/14 v3.01 AMS symbols B
) [2

]) [3] [4] (main.toc
Overfull \hbox (49.98624pt too wide) detected at line 5
\OT1/cmr/bx/n/12 Chapter 1: 
 []


Overfull \hbox (49.98624pt too wide) detected at line 6
\OT1/cmr/bx/n/12 Chapter 2: 
 []


Overfull \hbox (49.98624pt too wide) detected at line 7
\OT1/cmr/bx/n/12 Chapter 3: 
 []


Overfull \hbox (49.98624pt too wide) detected at line 12
\OT1/cmr/bx/n/12 Chapter 4: 
 []

[5

]
Overfull \hbox (49.98624pt too wide) detected at line 17
\OT1/cmr/bx/n/12 Chapter 5: 
 []


Overfull \hbox (49.98624pt too wide) detected at line 26
\OT1/cmr/bx/n/12 Chapter 6: 
 []

)
\tf@toc=\write5
\openout5 = `main.toc'.

 [6] (main.lot
Overfull \hbox (13.70819pt too wide) detected at line 5
\OT1/cmr/m/n/12 Table 4.1 
 []

)
\tf@lot=\write6
\openout6 = `main.lot'.

 [7

] (main.lof
Overfull \hbox (13.70819pt too wide) detected at line 2
\OT1/cmr/m/n/12 Figure 1.1 
 []


Overfull \hbox (13.70819pt too wide) detected at line 4
\OT1/cmr/m/n/12 Figure 2.1 
 []


Overfull \hbox (13.70819pt too wide) detected at line 6
\OT1/cmr/m/n/12 Figure 3.1 
 []


Overfull \hbox (13.70819pt too wide) detected at line 7
\OT1/cmr/m/n/12 Figure 3.2 
 []


Overfull \hbox (13.70819pt too wide) detected at line 8
\OT1/cmr/m/n/12 Figure 3.3 
 []


Overfull \hbox (13.70819pt too wide) detected at line 9
\OT1/cmr/m/n/12 Figure 3.4 
 []


Overfull \hbox (13.70819pt too wide) detected at line 11
\OT1/cmr/m/n/12 Figure 4.1 
 []


Overfull \hbox (13.70819pt too wide) detected at line 12
\OT1/cmr/m/n/12 Figure 4.2 
 []


Overfull \hbox (13.70819pt too wide) detected at line 13
\OT1/cmr/m/n/12 Figure 4.3 
 []


Overfull \hbox (13.70819pt too wide) detected at line 15
\OT1/cmr/m/n/12 Figure 5.1 
 []


Overfull \hbox (13.70819pt too wide) detected at line 16
\OT1/cmr/m/n/12 Figure 5.2 
 []


Overfull \hbox (13.70819pt too wide) detected at line 17
\OT1/cmr/m/n/12 Figure 5.3 
 []


Overfull \hbox (13.70819pt too wide) detected at line 18
\OT1/cmr/m/n/12 Figure 5.4 
 []


Overfull \hbox (13.70819pt too wide) detected at line 19
\OT1/cmr/m/n/12 Figure 5.5 
 []


Overfull \hbox (13.70819pt too wide) detected at line 20
\OT1/cmr/m/n/12 Figure 5.6 
 []


Overfull \hbox (13.70819pt too wide) detected at line 21
\OT1/cmr/m/n/12 Figure 5.7 
 []

[8

]
Overfull \hbox (13.70819pt too wide) detected at line 22
\OT1/cmr/m/n/12 Figure 5.8 
 []


Overfull \hbox (13.70819pt too wide) detected at line 23
\OT1/cmr/m/n/12 Figure 5.9 
 []


Overfull \hbox (19.58313pt too wide) detected at line 24
\OT1/cmr/m/n/12 Figure 5.10 
 []


Overfull \hbox (19.58313pt too wide) detected at line 25
\OT1/cmr/m/n/12 Figure 5.11 
 []


Overfull \hbox (19.58313pt too wide) detected at line 26
\OT1/cmr/m/n/12 Figure 5.12 
 []


Overfull \hbox (19.58313pt too wide) detected at line 27
\OT1/cmr/m/n/12 Figure 5.13 
 []


Overfull \hbox (19.58313pt too wide) detected at line 28
\OT1/cmr/m/n/12 Figure 5.14 
 []


Overfull \hbox (19.58313pt too wide) detected at line 29
\OT1/cmr/m/n/12 Figure 5.15 
 []


Overfull \hbox (19.58313pt too wide) detected at line 30
\OT1/cmr/m/n/12 Figure 5.16 
 []


Overfull \hbox (19.58313pt too wide) detected at line 31
\OT1/cmr/m/n/12 Figure 5.17 
 []


Overfull \hbox (19.58313pt too wide) detected at line 32
\OT1/cmr/m/n/12 Figure 5.18 
 []


Overfull \hbox (19.58313pt too wide) detected at line 33
\OT1/cmr/m/n/12 Figure 5.19 
 []

)
\tf@lof=\write7
\openout7 = `main.lof'.

 [9] (MainContent/Chapter1.tex
Chapter 1.

Package hyperref Warning: Token not allowed in a PDF string (Unicode):
(hyperref)                removing `\newline' on input line 1.

<fig/trailer_parking_real_world_all.png, id=286, 735.49782pt x 449.42906pt>
File: fig/trailer_parking_real_world_all.png Graphic file (type png)
<use fig/trailer_parking_real_world_all.png>
Package pdftex.def Info: fig/trailer_parking_real_world_all.png  used on input line 8.
(pdftex.def)             Requested size: 367.74802pt x 224.71397pt.

pdfTeX warning (ext4): destination with the same identifier (name{page.1}) has been already used, duplicate ignored
<to be read again> 
                   \relax 
l.14 
      [1


 <./fig/trailer_parking_real_world_all.png>] [2] [3]) [4] (MainContent/Chapter2.tex [5]
Chapter 2.

Package hyperref Warning: Token not allowed in a PDF string (Unicode):
(hyperref)                removing `\newline' on input line 1.

[6

] [7] [8]
<fig/known mbrl schema.png, id=353, 552.975pt x 374.052pt>
File: fig/known mbrl schema.png Graphic file (type png)
<use fig/known mbrl schema.png>
Package pdftex.def Info: fig/known mbrl schema.png  used on input line 35.
(pdftex.def)             Requested size: 364.24237pt x 246.38423pt.
 [9 <./fig/known mbrl schema.png>]) (MainContent/Chapter3.tex [10]
Chapter 3.

Package hyperref Warning: Token not allowed in a PDF string (Unicode):
(hyperref)                removing `\newline' on input line 1.

[11

] [12]
<fig/path_planning_map.png, id=382, 1063.975pt x 476.78125pt>
File: fig/path_planning_map.png Graphic file (type png)
<use fig/path_planning_map.png>
Package pdftex.def Info: fig/path_planning_map.png  used on input line 19.
(pdftex.def)             Requested size: 1063.97241pt x 476.78008pt.


LaTeX Warning: `h' float specifier changed to `ht'.

[13] [14 <./fig/path_planning_map.png>] [15]
<fig/Control_Map_ver5.png, id=411, 5029.79124pt x 3892.5425pt>
File: fig/Control_Map_ver5.png Graphic file (type png)
<use fig/Control_Map_ver5.png>
Package pdftex.def Info: fig/Control_Map_ver5.png  used on input line 38.
(pdftex.def)             Requested size: 5029.77905pt x 3892.53305pt.
 [16 <./fig/Control_Map_ver5.png>] [17] [18]
<fig/traditional_endToEnd.png, id=439, 926.808pt x 492.093pt>
File: fig/traditional_endToEnd.png Graphic file (type png)
<use fig/traditional_endToEnd.png>
Package pdftex.def Info: fig/traditional_endToEnd.png  used on input line 61.
(pdftex.def)             Requested size: 926.80574pt x 492.0918pt.
 [19 <./fig/traditional_endToEnd.png>] [20]
Overfull \hbox (15.96448pt too wide) in paragraph at lines 70--70
|[]\OT1/cmr/bx/n/17.28 Model based re-in-force-ment learn-ing in au-tonomous
 []

<fig/mbrl schema.png, id=459, 503.919pt x 352.59pt>
File: fig/mbrl schema.png Graphic file (type png)
<use fig/mbrl schema.png>
Package pdftex.def Info: fig/mbrl schema.png  used on input line 78.
(pdftex.def)             Requested size: 318.70947pt x 223.00444pt.

LaTeX Warning: `h' float specifier changed to `ht'.

[21]) [22 <./fig/mbrl schema.png>] (MainContent/Chapter4.tex [23]
Chapter 4.

Package hyperref Warning: Token not allowed in a PDF string (Unicode):
(hyperref)                removing `\newline' on input line 1.

[24

]
<fig/full_track_vehicle_model.png, id=488, 626.121pt x 534.141pt>
File: fig/full_track_vehicle_model.png Graphic file (type png)
<use fig/full_track_vehicle_model.png>
Package pdftex.def Info: fig/full_track_vehicle_model.png  used on input line 51.
(pdftex.def)             Requested size: 219.14563pt x 186.95215pt.


LaTeX Warning: `h' float specifier changed to `ht'.

[25] [26 <./fig/full_track_vehicle_model.png>]
<fig/bicycle_vehicle_model.png, id=502, 592.176pt x 499.32pt>
File: fig/bicycle_vehicle_model.png Graphic file (type png)
<use fig/bicycle_vehicle_model.png>
Package pdftex.def Info: fig/bicycle_vehicle_model.png  used on input line 99.
(pdftex.def)             Requested size: 207.2647pt x 174.76462pt.
 [27 <./fig/bicycle_vehicle_model.png>] [28] [29] [30] [31] [32] [33]
<fig/openloop_respond/negative velo openloop response - Copy.jpg, id=583, 562.1pt x 421.575pt>
File: fig/openloop_respond/negative velo openloop response - Copy.jpg Graphic file (type jpg)
<use fig/openloop_respond/negative velo openloop response - Copy.jpg>
Package pdftex.def Info: fig/openloop_respond/negative velo openloop response - Copy.jpg  used on input line 260.
(pdftex.def)             Requested size: 254.96854pt x 191.22511pt.
<fig/openloop_respond/positive velo openloop response - Copy.jpg, id=584, 562.1pt x 421.575pt>
File: fig/openloop_respond/positive velo openloop response - Copy.jpg Graphic file (type jpg)
<use fig/openloop_respond/positive velo openloop response - Copy.jpg>
Package pdftex.def Info: fig/openloop_respond/positive velo openloop response - Copy.jpg  used on input line 266.
(pdftex.def)             Requested size: 254.96854pt x 191.22511pt.
) (MainContent/Chapter5.tex [34] [35 <./fig/openloop_respond/negative velo openloop response - Copy.jpg> <./fig/openloop_respond/positive velo openloop response - Copy.jpg>]
Chapter 5.

Package hyperref Warning: Token not allowed in a PDF string (Unicode):
(hyperref)                removing `\newline' on input line 1.

[36

]
<fig/dubins/dubins_example.png, id=604, 462.528pt x 346.896pt>
File: fig/dubins/dubins_example.png Graphic file (type png)
<use fig/dubins/dubins_example.png>
Package pdftex.def Info: fig/dubins/dubins_example.png  used on input line 12.
(pdftex.def)             Requested size: 364.24237pt x 273.19263pt.
 [37 <./fig/dubins/dubins_example.png>]
<fig/dubins/LSL.png, id=612, 138.846pt x 266.961pt>
File: fig/dubins/LSL.png Graphic file (type png)
<use fig/dubins/LSL.png>
Package pdftex.def Info: fig/dubins/LSL.png  used on input line 29.
(pdftex.def)             Requested size: 97.19151pt x 186.87141pt.

Overfull \hbox (6.13266pt too wide) in paragraph at lines 29--30
 [][] 
 []

<fig/dubins/LSR.png, id=613, 157.68pt x 266.742pt>
File: fig/dubins/LSR.png Graphic file (type png)
<use fig/dubins/LSR.png>
Package pdftex.def Info: fig/dubins/LSR.png  used on input line 36.
(pdftex.def)             Requested size: 110.37523pt x 186.71812pt.

Overfull \hbox (19.31638pt too wide) in paragraph at lines 36--37
 [][] 
 []

<fig/dubins/RSR.png, id=614, 124.83pt x 276.816pt>
File: fig/dubins/RSR.png Graphic file (type png)
<use fig/dubins/RSR.png>
Package pdftex.def Info: fig/dubins/RSR.png  used on input line 43.
(pdftex.def)             Requested size: 87.38039pt x 193.76987pt.
<fig/dubins/RSL.png, id=615, 138.846pt x 271.998pt>
File: fig/dubins/RSL.png Graphic file (type png)
<use fig/dubins/RSL.png>
Package pdftex.def Info: fig/dubins/RSL.png  used on input line 50.
(pdftex.def)             Requested size: 97.19151pt x 190.3973pt.

Overfull \hbox (6.13266pt too wide) in paragraph at lines 50--51
 [][] 
 []

[38 <./fig/dubins/LSL.png> <./fig/dubins/LSR.png> <./fig/dubins/RSR.png> <./fig/dubins/RSL.png>]
<fig/dubins/LRL.png, id=625, 214.401pt x 266.085pt>
File: fig/dubins/LRL.png Graphic file (type png)
<use fig/dubins/LRL.png>
Package pdftex.def Info: fig/dubins/LRL.png  used on input line 66.
(pdftex.def)             Requested size: 150.07967pt x 186.25822pt.
<fig/dubins/RLR.png, id=626, 214.401pt x 266.304pt>
File: fig/dubins/RLR.png Graphic file (type png)
<use fig/dubins/RLR.png>
Package pdftex.def Info: fig/dubins/RLR.png  used on input line 73.
(pdftex.def)             Requested size: 150.07967pt x 186.41151pt.
 [39 <./fig/dubins/LRL.png> <./fig/dubins/RLR.png>] [40]
<fig/dubins/dubins_construction_rsr.png, id=647, 491.655pt x 302.439pt>
File: fig/dubins/dubins_construction_rsr.png Graphic file (type png)
<use fig/dubins/dubins_construction_rsr.png>
Package pdftex.def Info: fig/dubins/dubins_construction_rsr.png  used on input line 118.
(pdftex.def)             Requested size: 254.96854pt x 156.8446pt.
<fig/dubins/dubins_construction_lsr.png, id=648, 489.246pt x 394.857pt>
File: fig/dubins/dubins_construction_lsr.png Graphic file (type png)
<use fig/dubins/dubins_construction_lsr.png>
Package pdftex.def Info: fig/dubins/dubins_construction_lsr.png  used on input line 125.
(pdftex.def)             Requested size: 254.96854pt x 205.77869pt.
 [41 <./fig/dubins/dubins_construction_rsr.png> <./fig/dubins/dubins_construction_lsr.png>] [42]
<fig/lqr_control_example.png, id=664, 430.554pt x 261.924pt>
File: fig/lqr_control_example.png Graphic file (type png)
<use fig/lqr_control_example.png>
Package pdftex.def Info: fig/lqr_control_example.png  used on input line 154.
(pdftex.def)             Requested size: 227.65062pt x 138.49132pt.
 [43 <./fig/lqr_control_example.png>]
<fig/lateral distance error.png, id=672, 584.511pt x 461.871pt>
File: fig/lateral distance error.png Graphic file (type png)
<use fig/lateral distance error.png>
Package pdftex.def Info: fig/lateral distance error.png  used on input line 180.
(pdftex.def)             Requested size: 318.70947pt x 251.83804pt.
 [44] [45 <./fig/lateral distance error.png>]
<fig/lqr/lqr_path_following.png, id=704, 722.7pt x 605.6226pt>
File: fig/lqr/lqr_path_following.png Graphic file (type png)
<use fig/lqr/lqr_path_following.png>
Package pdftex.def Info: fig/lqr/lqr_path_following.png  used on input line 242.
(pdftex.def)             Requested size: 364.24237pt x 305.2317pt.
<fig/lqr/lqr states.png, id=705, 722.7pt x 671.3883pt>
File: fig/lqr/lqr states.png Graphic file (type png)
<use fig/lqr/lqr states.png>
Package pdftex.def Info: fig/lqr/lqr states.png  used on input line 249.
(pdftex.def)             Requested size: 318.70947pt x 296.07765pt.
 [46] [47 <./fig/lqr/lqr_path_following.png>] [48 <./fig/lqr/lqr states.png>]
<fig/mpc/mpc_examples.png, id=743, 515.745pt x 239.805pt>
File: fig/mpc/mpc_examples.png Graphic file (type png)
<use fig/mpc/mpc_examples.png>
Package pdftex.def Info: fig/mpc/mpc_examples.png  used on input line 270.
(pdftex.def)             Requested size: 318.70947pt x 148.19455pt.

Overfull \hbox (10.94325pt too wide) in paragraph at lines 275--276
\OT1/cmr/m/n/12 added for ref-er-enc-ing, and then the state vec-tor be-comes $\OML/cmm/m/it/12 X \OT1/cmr/m/n/12 = [\OML/cmm/m/it/12 x[]; y[]; ^^R[]; x[]; y[]; theta[]; phi; v\OT1/cmr/m/n/12 ]$,
 []

[49

] [50 <./fig/mpc/mpc_examples.png>] [51] [52] [53] [54]
<fig/clip_function.png, id=790, 353.247pt x 193.158pt>
File: fig/clip_function.png Graphic file (type png)
<use fig/clip_function.png>
Package pdftex.def Info: fig/clip_function.png  used on input line 422.
(pdftex.def)             Requested size: 273.18352pt x 149.38937pt.


LaTeX Warning: `h' float specifier changed to `ht'.

[55]
<fig/ppo/system_architecture.png, id=800, 736.935pt x 390.039pt>
File: fig/ppo/system_architecture.png Graphic file (type png)
<use fig/ppo/system_architecture.png>
Package pdftex.def Info: fig/ppo/system_architecture.png  used on input line 433.
(pdftex.def)             Requested size: 409.76833pt x 216.88486pt.


LaTeX Warning: `h' float specifier changed to `ht'.

[56 <./fig/clip_function.png>] [57 <./fig/ppo/system_architecture.png>] [58]
<fig/ppo/parkingIllustration.png, id=823, 548.80031pt x 373.395pt>
File: fig/ppo/parkingIllustration.png Graphic file (type png)
<use fig/ppo/parkingIllustration.png>
Package pdftex.def Info: fig/ppo/parkingIllustration.png  used on input line 501.
(pdftex.def)             Requested size: 182.1177pt x 123.91013pt.
<fig/ppo/parking_system_states.png, id=824, 402.084pt x 336.384pt>
File: fig/ppo/parking_system_states.png Graphic file (type png)
<use fig/ppo/parking_system_states.png>
Package pdftex.def Info: fig/ppo/parking_system_states.png  used on input line 508.
(pdftex.def)             Requested size: 182.1177pt x 152.35689pt.

Underfull \hbox (badness 5756) in paragraph at lines 509--509
[]\OT1/cmr/m/n/10.95 (b) |Per-pen-dic-u-lar park-ing sys-tem
 []

<fig/ppo/parkingIllustration_oblique.png, id=826, 456.95718pt x 251.43938pt>
File: fig/ppo/parkingIllustration_oblique.png Graphic file (type png)
<use fig/ppo/parkingIllustration_oblique.png>
Package pdftex.def Info: fig/ppo/parkingIllustration_oblique.png  used on input line 522.
(pdftex.def)             Requested size: 182.1177pt x 100.20947pt.
<fig/ppo/parking_system_states_oblique.png, id=827, 404.493pt x 336.384pt>
File: fig/ppo/parking_system_states_oblique.png Graphic file (type png)
<use fig/ppo/parking_system_states_oblique.png>
Package pdftex.def Info: fig/ppo/parking_system_states_oblique.png  used on input line 529.
(pdftex.def)             Requested size: 182.1177pt x 151.45352pt.

Overfull \hbox (8.21448pt too wide) in paragraph at lines 538--538
|[]\OT1/cmr/bx/n/17.28 Trajectory state model-based re-in-force-ment learn-
 []

[59] [60 <./fig/ppo/parkingIllustration.png> <./fig/ppo/parking_system_states.png> <./fig/ppo/parkingIllustration_oblique.png> <./fig/ppo/parking_system_states_oblique.png>]
File: fig/known mbrl schema.png Graphic file (type png)
<use fig/known mbrl schema.png>
Package pdftex.def Info: fig/known mbrl schema.png  used on input line 547.
(pdftex.def)             Requested size: 364.24237pt x 246.38423pt.
 [61] [62]
<fig/knownMBRL/lateral distance error.png, id=859, 584.511pt x 424.641pt>
File: fig/knownMBRL/lateral distance error.png Graphic file (type png)
<use fig/knownMBRL/lateral distance error.png>
Package pdftex.def Info: fig/knownMBRL/lateral distance error.png  used on input line 585.
(pdftex.def)             Requested size: 364.24237pt x 264.62242pt.


LaTeX Warning: `h' float specifier changed to `ht'.

<fig/knownMBRL/Mean episode length.png, id=860, 526.96875pt x 301.8778pt>
File: fig/knownMBRL/Mean episode length.png Graphic file (type png)
<use fig/knownMBRL/Mean episode length.png>
Package pdftex.def Info: fig/knownMBRL/Mean episode length.png  used on input line 594.
(pdftex.def)             Requested size: 364.24237pt x 208.669pt.
[63]
<fig/knownMBRL/Mean episodic training reward.png, id=867, 526.96875pt x 301.125pt>
File: fig/knownMBRL/Mean episodic training reward.png Graphic file (type png)
<use fig/knownMBRL/Mean episodic training reward.png>
Package pdftex.def Info: fig/knownMBRL/Mean episodic training reward.png  used on input line 602.
(pdftex.def)             Requested size: 364.24237pt x 208.14864pt.
<fig/knownMBRL/comparison of lqr ppo.png, id=869, 430.7292pt x 346.896pt>
File: fig/knownMBRL/comparison of lqr ppo.png Graphic file (type png)
<use fig/knownMBRL/comparison of lqr ppo.png>
Package pdftex.def Info: fig/knownMBRL/comparison of lqr ppo.png  used on input line 610.
(pdftex.def)             Requested size: 364.24237pt x 293.35442pt.
<fig/knownMBRL/comparison of lqr ppo extended vehicle.png, id=870, 432.1746pt x 346.896pt>
File: fig/knownMBRL/comparison of lqr ppo extended vehicle.png Graphic file (type png)
<use fig/knownMBRL/comparison of lqr ppo extended vehicle.png>
Package pdftex.def Info: fig/knownMBRL/comparison of lqr ppo extended vehicle.png  used on input line 616.
(pdftex.def)             Requested size: 364.24237pt x 292.37518pt.
) [64 <./fig/knownMBRL/lateral distance error.png>] [65 <./fig/knownMBRL/Mean episode length.png> <./fig/knownMBRL/Mean episodic training reward.png>] [66 <./fig/knownMBRL/comparison of lqr ppo.png>] [67 <./fig/knownMBRL/comparison of lqr ppo extended vehicle.png>] (MainContent/Chapter6.tex [68]
Chapter 6.

Package hyperref Warning: Token not allowed in a PDF string (Unicode):
(hyperref)                removing `\newline' on input line 1.

[69

]
Overfull \hbox (1.68655pt too wide) in paragraph at lines 30--30
|\OT1/cmr/bx/n/17.28 Phase 2: Re-in-force-ment Learn-ing Frame-work and Sim-
 []

[70] [71] [72]
Overfull \hbox (10.56656pt too wide) in paragraph at lines 140--142
[]\OT1/cmr/bx/n/12 Reinforcement Learn-ing Frame-work De-vel-op-ment (Novem-ber 2023 - March
 []

[73]) [74] [75


] [76] [77] [78]
Overfull \hbox (1.49791pt too wide) in paragraph at lines 197--197
[]\OT1/cmr/m/n/12 R. Li-outikov, A. Paraschos, J. Pe-ters, and G. Neu-mann, ``Sample-based informationl-
 []

[79] (main.aux)
 ***********
LaTeX2e <2023-11-01> patch level 1
L3 programming layer <2024-01-04>
 ***********


LaTeX Warning: There were undefined references.

Package rerunfilecheck Info: File `main.out' has not changed.
(rerunfilecheck)             Checksum: 001AC4AC50DB114EFEEBACAAE07891E2;5802.

Package biblatex Warning: Please (re)run BibTeX on the file(s):
(biblatex)                main
(biblatex)                and rerun LaTeX afterwards.

Package logreq Info: Writing requests to 'main.run.xml'.
\openout1 = `main.run.xml'.

 ) 
Here is how much of TeX's memory you used:
 25338 strings out of 474486
 449460 string characters out of 5743755
 2064542 words of memory out of 5000000
 46942 multiletter control sequences out of 15000+600000
 572080 words of font info for 86 fonts, out of 8000000 for 9000
 1141 hyphenation exceptions out of 8191
 79i,17n,93p,3050b,2196s stack positions out of 10000i,1000n,20000p,200000b,200000s
 <C:\Users\haoya\AppData\Local\MiKTeX\fonts/pk/ljfour/jknappen/ec/dpi600\tcti1200.pk> <C:\Users\haoya\AppData\Local\MiKTeX\fonts/pk/ljfour/jknappen/ec/dpi600\tcrm1200.pk><C:/Users/haoya/AppData/Local/Programs/MiKTeX/fonts/type1/public/amsfonts/cm/cmbx12.pfb><C:/Users/haoya/AppData/Local/Programs/MiKTeX/fonts/type1/public/amsfonts/cm/cmcsc10.pfb><C:/Users/haoya/AppData/Local/Programs/MiKTeX/fonts/type1/public/amsfonts/cm/cmex10.pfb><C:/Users/haoya/AppData/Local/Programs/MiKTeX/fonts/type1/public/amsfonts/cm/cmitt10.pfb><C:/Users/haoya/AppData/Local/Programs/MiKTeX/fonts/type1/public/amsfonts/cm/cmmi12.pfb><C:/Users/haoya/AppData/Local/Programs/MiKTeX/fonts/type1/public/amsfonts/cm/cmmi6.pfb><C:/Users/haoya/AppData/Local/Programs/MiKTeX/fonts/type1/public/amsfonts/cm/cmmi8.pfb><C:/Users/haoya/AppData/Local/Programs/MiKTeX/fonts/type1/public/amsfonts/cm/cmr10.pfb><C:/Users/haoya/AppData/Local/Programs/MiKTeX/fonts/type1/public/amsfonts/cm/cmr12.pfb><C:/Users/haoya/AppData/Local/Programs/MiKTeX/fonts/type1/public/amsfonts/cm/cmr17.pfb><C:/Users/haoya/AppData/Local/Programs/MiKTeX/fonts/type1/public/amsfonts/cm/cmr6.pfb><C:/Users/haoya/AppData/Local/Programs/MiKTeX/fonts/type1/public/amsfonts/cm/cmr8.pfb><C:/Users/haoya/AppData/Local/Programs/MiKTeX/fonts/type1/public/amsfonts/cm/cmsy10.pfb><C:/Users/haoya/AppData/Local/Programs/MiKTeX/fonts/type1/public/amsfonts/cm/cmsy8.pfb><C:/Users/haoya/AppData/Local/Programs/MiKTeX/fonts/type1/public/amsfonts/cm/cmti12.pfb><C:/Users/haoya/AppData/Local/Programs/MiKTeX/fonts/type1/public/amsfonts/cm/cmtt12.pfb><C:/Users/haoya/AppData/Local/Programs/MiKTeX/fonts/type1/public/amsfonts/symbols/msam10.pfb><C:/Users/haoya/AppData/Local/Programs/MiKTeX/fonts/type1/public/amsfonts/symbols/msbm10.pfb>
Output written on main.pdf (88 pages, 9124824 bytes).
PDF statistics:
 1128 PDF objects out of 1200 (max. 8388607)
 321 named destinations out of 1000 (max. 500000)
 429 words of extra memory for PDF output out of 10000 (max. 10000000)

